$ PYTHONPATH=compiler/frontend pytest -q tests/unit/test_ready_valid_fifo_example.py
============================= test session starts ==============================
platform darwin -- Python 3.14.3, pytest-9.0.2, pluggy-1.6.0
rootdir: /Users/sufang/projects/pyCircuit/.omx/team/pycircuit-v5-improvem-595e3ab2/worktrees/worker-2
configfile: pyproject.toml
collected 3 items

tests/unit/test_ready_valid_fifo_example.py ...                          [100%]

============================== 3 passed in 0.04s ===============================
